c:\users\pak\source\repos\consoleapplication5\consolea.96468b91\x64\debug\vc143.pdb
c:\users\pak\source\repos\consoleapplication5\consolea.96468b91\x64\debug\vc143.idb
c:\users\pak\source\repos\consoleapplication5\consolea.96468b91\x64\debug\consoleapplication5.obj
c:\users\pak\source\repos\consoleapplication5\x64\debug\consoleapplication5.exe
c:\users\pak\source\repos\consoleapplication5\x64\debug\consoleapplication5.pdb
c:\users\pak\source\repos\consoleapplication5\consolea.96468b91\x64\debug\consoleapplication5.ilk
c:\users\pak\prog\opppolabs\1\consolea.96468b91\x64\debug\consoleapplication5.obj
c:\users\pak\prog\opppolabs\1\consolea.96468b91\x64\debug\consoleapplication5.ilk
c:\users\pak\prog\opppolabs\1\consolea.96468b91\x64\debug\vc143.idb
c:\users\pak\prog\opppolabs\1\consolea.96468b91\x64\debug\vc143.pdb
c:\users\pak\prog\opppolabs\1\x64\debug\consoleapplication5.pdb
c:\users\pak\prog\opppolabs\1\x64\debug\consoleapplication5.exe
c:\users\pak\prog\opppolabs\1\consolea.96468b91\x64\debug\consolea.96468b91.tlog\cl.command.1.tlog
c:\users\pak\prog\opppolabs\1\consolea.96468b91\x64\debug\consolea.96468b91.tlog\cl.items.tlog
c:\users\pak\prog\opppolabs\1\consolea.96468b91\x64\debug\consolea.96468b91.tlog\cl.read.1.tlog
c:\users\pak\prog\opppolabs\1\consolea.96468b91\x64\debug\consolea.96468b91.tlog\cl.write.1.tlog
c:\users\pak\prog\opppolabs\1\consolea.96468b91\x64\debug\consolea.96468b91.tlog\link.command.1.tlog
c:\users\pak\prog\opppolabs\1\consolea.96468b91\x64\debug\consolea.96468b91.tlog\link.read.1.tlog
c:\users\pak\prog\opppolabs\1\consolea.96468b91\x64\debug\consolea.96468b91.tlog\link.secondary.1.tlog
c:\users\pak\prog\opppolabs\1\consolea.96468b91\x64\debug\consolea.96468b91.tlog\link.write.1.tlog
